Analysis & Synthesis report for fanmaiji
Sat Oct 02 18:50:58 2021
Quartus Prime Version 17.1.0 Build 590 10/25/2017 SJ Lite Edition


---------------------
; Table of Contents ;
---------------------
  1. Legal Notice
  2. Analysis & Synthesis Summary
  3. Analysis & Synthesis Settings
  4. Parallel Compilation
  5. Analysis & Synthesis Source Files Read
  6. Analysis & Synthesis Resource Usage Summary
  7. Analysis & Synthesis Resource Utilization by Entity
  8. User-Specified and Inferred Latches
  9. General Register Statistics
 10. Parameter Settings for User Entity Instance: Top-level Entity: |fanmaiji
 11. Post-Synthesis Netlist Statistics for Top Partition
 12. Elapsed Time Per Partition
 13. Analysis & Synthesis Messages



----------------
; Legal Notice ;
----------------
Copyright (C) 2017  Intel Corporation. All rights reserved.
Your use of Intel Corporation's design tools, logic functions 
and other software and tools, and its AMPP partner logic 
functions, and any output files from any of the foregoing 
(including device programming or simulation files), and any 
associated documentation or information are expressly subject 
to the terms and conditions of the Intel Program License 
Subscription Agreement, the Intel Quartus Prime License Agreement,
the Intel FPGA IP License Agreement, or other applicable license
agreement, including, without limitation, that your use is for
the sole purpose of programming logic devices manufactured by
Intel and sold by Intel or its authorized distributors.  Please
refer to the applicable agreement for further details.



+----------------------------------------------------------------------------------+
; Analysis & Synthesis Summary                                                     ;
+------------------------------------+---------------------------------------------+
; Analysis & Synthesis Status        ; Successful - Sat Oct 02 18:50:58 2021       ;
; Quartus Prime Version              ; 17.1.0 Build 590 10/25/2017 SJ Lite Edition ;
; Revision Name                      ; fanmaiji                                    ;
; Top-level Entity Name              ; fanmaiji                                    ;
; Family                             ; Cyclone IV E                                ;
; Total logic elements               ; 32                                          ;
;     Total combinational functions  ; 32                                          ;
;     Dedicated logic registers      ; 3                                           ;
; Total registers                    ; 3                                           ;
; Total pins                         ; 20                                          ;
; Total virtual pins                 ; 0                                           ;
; Total memory bits                  ; 0                                           ;
; Embedded Multiplier 9-bit elements ; 0                                           ;
; Total PLLs                         ; 0                                           ;
+------------------------------------+---------------------------------------------+


+----------------------------------------------------------------------------------------------------------------------+
; Analysis & Synthesis Settings                                                                                        ;
+----------------------------------------------------------------------------+--------------------+--------------------+
; Option                                                                     ; Setting            ; Default Value      ;
+----------------------------------------------------------------------------+--------------------+--------------------+
; Device                                                                     ; EP4CE6F17C8        ;                    ;
; Top-level entity name                                                      ; fanmaiji           ; fanmaiji           ;
; Family name                                                                ; Cyclone IV E       ; Cyclone V          ;
; Use smart compilation                                                      ; Off                ; Off                ;
; Enable parallel Assembler and TimeQuest Timing Analyzer during compilation ; On                 ; On                 ;
; Enable compact report table                                                ; Off                ; Off                ;
; Restructure Multiplexers                                                   ; Auto               ; Auto               ;
; Create Debugging Nodes for IP Cores                                        ; Off                ; Off                ;
; Preserve fewer node names                                                  ; On                 ; On                 ;
; Intel FPGA IP Evaluation Mode                                              ; Enable             ; Enable             ;
; Verilog Version                                                            ; Verilog_2001       ; Verilog_2001       ;
; VHDL Version                                                               ; VHDL_1993          ; VHDL_1993          ;
; State Machine Processing                                                   ; Auto               ; Auto               ;
; Safe State Machine                                                         ; Off                ; Off                ;
; Extract Verilog State Machines                                             ; On                 ; On                 ;
; Extract VHDL State Machines                                                ; On                 ; On                 ;
; Ignore Verilog initial constructs                                          ; Off                ; Off                ;
; Iteration limit for constant Verilog loops                                 ; 5000               ; 5000               ;
; Iteration limit for non-constant Verilog loops                             ; 250                ; 250                ;
; Add Pass-Through Logic to Inferred RAMs                                    ; On                 ; On                 ;
; Infer RAMs from Raw Logic                                                  ; On                 ; On                 ;
; Parallel Synthesis                                                         ; On                 ; On                 ;
; DSP Block Balancing                                                        ; Auto               ; Auto               ;
; NOT Gate Push-Back                                                         ; On                 ; On                 ;
; Power-Up Don't Care                                                        ; On                 ; On                 ;
; Remove Redundant Logic Cells                                               ; Off                ; Off                ;
; Remove Duplicate Registers                                                 ; On                 ; On                 ;
; Ignore CARRY Buffers                                                       ; Off                ; Off                ;
; Ignore CASCADE Buffers                                                     ; Off                ; Off                ;
; Ignore GLOBAL Buffers                                                      ; Off                ; Off                ;
; Ignore ROW GLOBAL Buffers                                                  ; Off                ; Off                ;
; Ignore LCELL Buffers                                                       ; Off                ; Off                ;
; Ignore SOFT Buffers                                                        ; On                 ; On                 ;
; Limit AHDL Integers to 32 Bits                                             ; Off                ; Off                ;
; Optimization Technique                                                     ; Balanced           ; Balanced           ;
; Carry Chain Length                                                         ; 70                 ; 70                 ;
; Auto Carry Chains                                                          ; On                 ; On                 ;
; Auto Open-Drain Pins                                                       ; On                 ; On                 ;
; Perform WYSIWYG Primitive Resynthesis                                      ; Off                ; Off                ;
; Auto ROM Replacement                                                       ; On                 ; On                 ;
; Auto RAM Replacement                                                       ; On                 ; On                 ;
; Auto DSP Block Replacement                                                 ; On                 ; On                 ;
; Auto Shift Register Replacement                                            ; Auto               ; Auto               ;
; Allow Shift Register Merging across Hierarchies                            ; Auto               ; Auto               ;
; Auto Clock Enable Replacement                                              ; On                 ; On                 ;
; Strict RAM Replacement                                                     ; Off                ; Off                ;
; Allow Synchronous Control Signals                                          ; On                 ; On                 ;
; Force Use of Synchronous Clear Signals                                     ; Off                ; Off                ;
; Auto RAM Block Balancing                                                   ; On                 ; On                 ;
; Auto RAM to Logic Cell Conversion                                          ; Off                ; Off                ;
; Auto Resource Sharing                                                      ; Off                ; Off                ;
; Allow Any RAM Size For Recognition                                         ; Off                ; Off                ;
; Allow Any ROM Size For Recognition                                         ; Off                ; Off                ;
; Allow Any Shift Register Size For Recognition                              ; Off                ; Off                ;
; Use LogicLock Constraints during Resource Balancing                        ; On                 ; On                 ;
; Ignore translate_off and synthesis_off directives                          ; Off                ; Off                ;
; Timing-Driven Synthesis                                                    ; On                 ; On                 ;
; Report Parameter Settings                                                  ; On                 ; On                 ;
; Report Source Assignments                                                  ; On                 ; On                 ;
; Report Connectivity Checks                                                 ; On                 ; On                 ;
; Ignore Maximum Fan-Out Assignments                                         ; Off                ; Off                ;
; Synchronization Register Chain Length                                      ; 2                  ; 2                  ;
; Power Optimization During Synthesis                                        ; Normal compilation ; Normal compilation ;
; HDL message level                                                          ; Level2             ; Level2             ;
; Suppress Register Optimization Related Messages                            ; Off                ; Off                ;
; Number of Removed Registers Reported in Synthesis Report                   ; 5000               ; 5000               ;
; Number of Swept Nodes Reported in Synthesis Report                         ; 5000               ; 5000               ;
; Number of Inverted Registers Reported in Synthesis Report                  ; 100                ; 100                ;
; Clock MUX Protection                                                       ; On                 ; On                 ;
; Auto Gated Clock Conversion                                                ; Off                ; Off                ;
; Block Design Naming                                                        ; Auto               ; Auto               ;
; SDC constraint protection                                                  ; Off                ; Off                ;
; Synthesis Effort                                                           ; Auto               ; Auto               ;
; Shift Register Replacement - Allow Asynchronous Clear Signal               ; On                 ; On                 ;
; Pre-Mapping Resynthesis Optimization                                       ; Off                ; Off                ;
; Analysis & Synthesis Message Level                                         ; Medium             ; Medium             ;
; Disable Register Merging Across Hierarchies                                ; Auto               ; Auto               ;
; Resource Aware Inference For Block RAM                                     ; On                 ; On                 ;
+----------------------------------------------------------------------------+--------------------+--------------------+


+------------------------------------------+
; Parallel Compilation                     ;
+----------------------------+-------------+
; Processors                 ; Number      ;
+----------------------------+-------------+
; Number detected on machine ; 12          ;
; Maximum allowed            ; 6           ;
;                            ;             ;
; Average used               ; 1.00        ;
; Maximum used               ; 6           ;
;                            ;             ;
; Usage by Processor         ; % Time Used ;
;     Processor 1            ; 100.0%      ;
;     Processors 2-6         ;   0.0%      ;
+----------------------------+-------------+


+--------------------------------------------------------------------------------------------------------------------------------------------+
; Analysis & Synthesis Source Files Read                                                                                                     ;
+----------------------------------+-----------------+------------------------+----------------------------------------------------+---------+
; File Name with User-Entered Path ; Used in Netlist ; File Type              ; File Name with Absolute Path                       ; Library ;
+----------------------------------+-----------------+------------------------+----------------------------------------------------+---------+
; fanmaiji.v                       ; yes             ; User Verilog HDL File  ; C:/intelFPGA_lite/17.1/project/fanmaiji/fanmaiji.v ;         ;
+----------------------------------+-----------------+------------------------+----------------------------------------------------+---------+


+--------------------------------------------------------------+
; Analysis & Synthesis Resource Usage Summary                  ;
+---------------------------------------------+----------------+
; Resource                                    ; Usage          ;
+---------------------------------------------+----------------+
; Estimated Total logic elements              ; 32             ;
;                                             ;                ;
; Total combinational functions               ; 32             ;
; Logic element usage by number of LUT inputs ;                ;
;     -- 4 input functions                    ; 16             ;
;     -- 3 input functions                    ; 12             ;
;     -- <=2 input functions                  ; 4              ;
;                                             ;                ;
; Logic elements by mode                      ;                ;
;     -- normal mode                          ; 32             ;
;     -- arithmetic mode                      ; 0              ;
;                                             ;                ;
; Total registers                             ; 3              ;
;     -- Dedicated logic registers            ; 3              ;
;     -- I/O registers                        ; 0              ;
;                                             ;                ;
; I/O pins                                    ; 20             ;
;                                             ;                ;
; Embedded Multiplier 9-bit elements          ; 0              ;
;                                             ;                ;
; Maximum fan-out node                        ; money[1]$latch ;
; Maximum fan-out                             ; 11             ;
; Total fan-out                               ; 150            ;
; Average fan-out                             ; 2.00           ;
+---------------------------------------------+----------------+


+----------------------------------------------------------------------------------------------------------------------------------------------------------------------------------------------------------+
; Analysis & Synthesis Resource Utilization by Entity                                                                                                                                                      ;
+----------------------------+---------------------+---------------------------+-------------+--------------+---------+-----------+------+--------------+---------------------+-------------+--------------+
; Compilation Hierarchy Node ; Combinational ALUTs ; Dedicated Logic Registers ; Memory Bits ; DSP Elements ; DSP 9x9 ; DSP 18x18 ; Pins ; Virtual Pins ; Full Hierarchy Name ; Entity Name ; Library Name ;
+----------------------------+---------------------+---------------------------+-------------+--------------+---------+-----------+------+--------------+---------------------+-------------+--------------+
; |fanmaiji                  ; 32 (32)             ; 3 (3)                     ; 0           ; 0            ; 0       ; 0         ; 20   ; 0            ; |fanmaiji           ; fanmaiji    ; work         ;
+----------------------------+---------------------+---------------------------+-------------+--------------+---------+-----------+------+--------------+---------------------+-------------+--------------+
Note: For table entries with two numbers listed, the numbers in parentheses indicate the number of resources of the given type used by the specific entity alone. The numbers listed outside of parentheses indicate the total resources of the given type used by the specific entity and all of its sub-entities in the hierarchy.


+----------------------------------------------------------------------------------------------------+
; User-Specified and Inferred Latches                                                                ;
+-----------------------------------------------------+---------------------+------------------------+
; Latch Name                                          ; Latch Enable Signal ; Free of Timing Hazards ;
+-----------------------------------------------------+---------------------+------------------------+
; change[0]$latch                                     ; Mux3                ; yes                    ;
; change[1]$latch                                     ; Mux3                ; yes                    ;
; change[2]$latch                                     ; Mux3                ; yes                    ;
; out$latch                                           ; Mux9                ; yes                    ;
; nextstate[0]$latch                                  ; Mux7                ; yes                    ;
; nextstate[1]$latch                                  ; Mux7                ; yes                    ;
; nextstate[2]$latch                                  ; Mux7                ; yes                    ;
; money[0]$latch                                      ; money[0]            ; yes                    ;
; money[1]$latch                                      ; money[2]            ; yes                    ;
; money[2]$latch                                      ; money[2]            ; yes                    ;
; Number of user-specified and inferred latches = 10  ;                     ;                        ;
+-----------------------------------------------------+---------------------+------------------------+
Note: All latches listed above may not be present at the end of synthesis due to various synthesis optimizations.


+------------------------------------------------------+
; General Register Statistics                          ;
+----------------------------------------------+-------+
; Statistic                                    ; Value ;
+----------------------------------------------+-------+
; Total registers                              ; 3     ;
; Number of registers using Synchronous Clear  ; 0     ;
; Number of registers using Synchronous Load   ; 0     ;
; Number of registers using Asynchronous Clear ; 3     ;
; Number of registers using Asynchronous Load  ; 0     ;
; Number of registers using Clock Enable       ; 0     ;
; Number of registers using Preset             ; 0     ;
+----------------------------------------------+-------+


+--------------------------------------------------------------------------+
; Parameter Settings for User Entity Instance: Top-level Entity: |fanmaiji ;
+----------------+-------+-------------------------------------------------+
; Parameter Name ; Value ; Type                                            ;
+----------------+-------+-------------------------------------------------+
; s0             ; 000   ; Unsigned Binary                                 ;
; s1             ; 001   ; Unsigned Binary                                 ;
; s2             ; 010   ; Unsigned Binary                                 ;
; s3             ; 011   ; Unsigned Binary                                 ;
; s4             ; 100   ; Unsigned Binary                                 ;
+----------------+-------+-------------------------------------------------+
Note: In order to hide this table in the UI and the text report file, please set the "Show Parameter Settings in Synthesis Report" option in "Analysis and Synthesis Settings -> More Settings" to "Off".


+-----------------------------------------------------+
; Post-Synthesis Netlist Statistics for Top Partition ;
+-----------------------+-----------------------------+
; Type                  ; Count                       ;
+-----------------------+-----------------------------+
; boundary_port         ; 20                          ;
; cycloneiii_ff         ; 3                           ;
;     CLR               ; 3                           ;
; cycloneiii_lcell_comb ; 32                          ;
;     normal            ; 32                          ;
;         2 data inputs ; 4                           ;
;         3 data inputs ; 12                          ;
;         4 data inputs ; 16                          ;
;                       ;                             ;
; Max LUT depth         ; 4.00                        ;
; Average LUT depth     ; 2.60                        ;
+-----------------------+-----------------------------+


+-------------------------------+
; Elapsed Time Per Partition    ;
+----------------+--------------+
; Partition Name ; Elapsed Time ;
+----------------+--------------+
; Top            ; 00:00:00     ;
+----------------+--------------+


+-------------------------------+
; Analysis & Synthesis Messages ;
+-------------------------------+
Info: *******************************************************************
Info: Running Quartus Prime Analysis & Synthesis
    Info: Version 17.1.0 Build 590 10/25/2017 SJ Lite Edition
    Info: Processing started: Sat Oct 02 18:50:50 2021
Info: Command: quartus_map --read_settings_files=on --write_settings_files=off fanmaiji -c fanmaiji
Warning (18236): Number of processors has not been specified which may cause overloading on shared machines.  Set the global assignment NUM_PARALLEL_PROCESSORS in your QSF to an appropriate value for best performance.
Info (20030): Parallel compilation is enabled and will use 6 of the 6 processors detected
Warning (10229): Verilog HDL Expression warning at fanmaiji.v(21): truncated literal to match 3 bits File: C:/intelFPGA_lite/17.1/project/fanmaiji/fanmaiji.v Line: 21
Info (12021): Found 1 design units, including 1 entities, in source file fanmaiji.v
    Info (12023): Found entity 1: fanmaiji File: C:/intelFPGA_lite/17.1/project/fanmaiji/fanmaiji.v Line: 1
Info (12127): Elaborating entity "fanmaiji" for the top level hierarchy
Warning (10240): Verilog HDL Always Construct warning at fanmaiji.v(18): inferring latch(es) for variable "money", which holds its previous value in one or more paths through the always construct File: C:/intelFPGA_lite/17.1/project/fanmaiji/fanmaiji.v Line: 18
Warning (10235): Verilog HDL Always Construct warning at fanmaiji.v(73): variable "money" is read inside the Always Construct but isn't in the Always Construct's Event Control File: C:/intelFPGA_lite/17.1/project/fanmaiji/fanmaiji.v Line: 73
Warning (10235): Verilog HDL Always Construct warning at fanmaiji.v(80): variable "money" is read inside the Always Construct but isn't in the Always Construct's Event Control File: C:/intelFPGA_lite/17.1/project/fanmaiji/fanmaiji.v Line: 80
Warning (10235): Verilog HDL Always Construct warning at fanmaiji.v(87): variable "money" is read inside the Always Construct but isn't in the Always Construct's Event Control File: C:/intelFPGA_lite/17.1/project/fanmaiji/fanmaiji.v Line: 87
Warning (10235): Verilog HDL Always Construct warning at fanmaiji.v(97): variable "money" is read inside the Always Construct but isn't in the Always Construct's Event Control File: C:/intelFPGA_lite/17.1/project/fanmaiji/fanmaiji.v Line: 97
Warning (10235): Verilog HDL Always Construct warning at fanmaiji.v(101): variable "money" is read inside the Always Construct but isn't in the Always Construct's Event Control File: C:/intelFPGA_lite/17.1/project/fanmaiji/fanmaiji.v Line: 101
Warning (10235): Verilog HDL Always Construct warning at fanmaiji.v(105): variable "money" is read inside the Always Construct but isn't in the Always Construct's Event Control File: C:/intelFPGA_lite/17.1/project/fanmaiji/fanmaiji.v Line: 105
Warning (10272): Verilog HDL Case Statement warning at fanmaiji.v(100): case item expression covers a value already covered by a previous case item File: C:/intelFPGA_lite/17.1/project/fanmaiji/fanmaiji.v Line: 100
Warning (10272): Verilog HDL Case Statement warning at fanmaiji.v(104): case item expression covers a value already covered by a previous case item File: C:/intelFPGA_lite/17.1/project/fanmaiji/fanmaiji.v Line: 104
Info (10264): Verilog HDL Case Statement information at fanmaiji.v(95): all case item expressions in this case statement are onehot File: C:/intelFPGA_lite/17.1/project/fanmaiji/fanmaiji.v Line: 95
Warning (10270): Verilog HDL Case Statement warning at fanmaiji.v(61): incomplete case statement has no default case item File: C:/intelFPGA_lite/17.1/project/fanmaiji/fanmaiji.v Line: 61
Warning (10240): Verilog HDL Always Construct warning at fanmaiji.v(60): inferring latch(es) for variable "out", which holds its previous value in one or more paths through the always construct File: C:/intelFPGA_lite/17.1/project/fanmaiji/fanmaiji.v Line: 60
Warning (10240): Verilog HDL Always Construct warning at fanmaiji.v(60): inferring latch(es) for variable "nextstate", which holds its previous value in one or more paths through the always construct File: C:/intelFPGA_lite/17.1/project/fanmaiji/fanmaiji.v Line: 60
Warning (10240): Verilog HDL Always Construct warning at fanmaiji.v(60): inferring latch(es) for variable "change", which holds its previous value in one or more paths through the always construct File: C:/intelFPGA_lite/17.1/project/fanmaiji/fanmaiji.v Line: 60
Info (10041): Inferred latch for "change[0]" at fanmaiji.v(60) File: C:/intelFPGA_lite/17.1/project/fanmaiji/fanmaiji.v Line: 60
Info (10041): Inferred latch for "change[1]" at fanmaiji.v(60) File: C:/intelFPGA_lite/17.1/project/fanmaiji/fanmaiji.v Line: 60
Info (10041): Inferred latch for "change[2]" at fanmaiji.v(60) File: C:/intelFPGA_lite/17.1/project/fanmaiji/fanmaiji.v Line: 60
Info (10041): Inferred latch for "nextstate[0]" at fanmaiji.v(60) File: C:/intelFPGA_lite/17.1/project/fanmaiji/fanmaiji.v Line: 60
Info (10041): Inferred latch for "nextstate[1]" at fanmaiji.v(60) File: C:/intelFPGA_lite/17.1/project/fanmaiji/fanmaiji.v Line: 60
Info (10041): Inferred latch for "nextstate[2]" at fanmaiji.v(60) File: C:/intelFPGA_lite/17.1/project/fanmaiji/fanmaiji.v Line: 60
Info (10041): Inferred latch for "out" at fanmaiji.v(60) File: C:/intelFPGA_lite/17.1/project/fanmaiji/fanmaiji.v Line: 60
Info (10041): Inferred latch for "money[0]" at fanmaiji.v(18) File: C:/intelFPGA_lite/17.1/project/fanmaiji/fanmaiji.v Line: 18
Info (10041): Inferred latch for "money[1]" at fanmaiji.v(18) File: C:/intelFPGA_lite/17.1/project/fanmaiji/fanmaiji.v Line: 18
Info (10041): Inferred latch for "money[2]" at fanmaiji.v(18) File: C:/intelFPGA_lite/17.1/project/fanmaiji/fanmaiji.v Line: 18
Warning (13012): Latch change[0]$latch has unsafe behavior File: C:/intelFPGA_lite/17.1/project/fanmaiji/fanmaiji.v Line: 60
    Warning (13013): Ports D and ENA on the latch are fed by the same signal currentstate[2]~reg0 File: C:/intelFPGA_lite/17.1/project/fanmaiji/fanmaiji.v Line: 57
Warning (13012): Latch change[1]$latch has unsafe behavior File: C:/intelFPGA_lite/17.1/project/fanmaiji/fanmaiji.v Line: 60
    Warning (13013): Ports D and ENA on the latch are fed by the same signal currentstate[2]~reg0 File: C:/intelFPGA_lite/17.1/project/fanmaiji/fanmaiji.v Line: 57
Warning (13012): Latch change[2]$latch has unsafe behavior File: C:/intelFPGA_lite/17.1/project/fanmaiji/fanmaiji.v Line: 60
    Warning (13013): Ports D and ENA on the latch are fed by the same signal currentstate[2]~reg0 File: C:/intelFPGA_lite/17.1/project/fanmaiji/fanmaiji.v Line: 57
Warning (13012): Latch nextstate[0]$latch has unsafe behavior File: C:/intelFPGA_lite/17.1/project/fanmaiji/fanmaiji.v Line: 60
    Warning (13013): Ports D and ENA on the latch are fed by the same signal currentstate[2]~reg0 File: C:/intelFPGA_lite/17.1/project/fanmaiji/fanmaiji.v Line: 57
Warning (13012): Latch nextstate[1]$latch has unsafe behavior File: C:/intelFPGA_lite/17.1/project/fanmaiji/fanmaiji.v Line: 60
    Warning (13013): Ports D and ENA on the latch are fed by the same signal currentstate[2]~reg0 File: C:/intelFPGA_lite/17.1/project/fanmaiji/fanmaiji.v Line: 57
Warning (13012): Latch nextstate[2]$latch has unsafe behavior File: C:/intelFPGA_lite/17.1/project/fanmaiji/fanmaiji.v Line: 60
    Warning (13013): Ports D and ENA on the latch are fed by the same signal currentstate[1]~reg0 File: C:/intelFPGA_lite/17.1/project/fanmaiji/fanmaiji.v Line: 57
Warning (13012): Latch money[1]$latch has unsafe behavior File: C:/intelFPGA_lite/17.1/project/fanmaiji/fanmaiji.v Line: 18
    Warning (13013): Ports D and ENA on the latch are fed by the same signal coin1 File: C:/intelFPGA_lite/17.1/project/fanmaiji/fanmaiji.v Line: 4
Warning (13012): Latch money[2]$latch has unsafe behavior File: C:/intelFPGA_lite/17.1/project/fanmaiji/fanmaiji.v Line: 18
    Warning (13013): Ports D and ENA on the latch are fed by the same signal coin1 File: C:/intelFPGA_lite/17.1/project/fanmaiji/fanmaiji.v Line: 4
Info (286030): Timing-Driven Synthesis is running
Info (16010): Generating hard_block partition "hard_block:auto_generated_inst"
    Info (16011): Adding 0 node(s), including 0 DDIO, 0 PLL, 0 transceiver and 0 LCELL
Info (21057): Implemented 55 device resources after synthesis - the final resource count might be different
    Info (21058): Implemented 7 input pins
    Info (21059): Implemented 13 output pins
    Info (21061): Implemented 35 logic cells
Info: Quartus Prime Analysis & Synthesis was successful. 0 errors, 31 warnings
    Info: Peak virtual memory: 4785 megabytes
    Info: Processing ended: Sat Oct 02 18:50:58 2021
    Info: Elapsed time: 00:00:08
    Info: Total CPU time (on all processors): 00:00:18


